==========================================
Running Migrations Step by Step
==========================================

Current migration status:

  Migration name ................................................................. Batch / Status  
  2025_01_27_000001_add_missing_fields_to_tables ........................................ Pending  
  2025_08_27_160354_create_all_madrasa_tables ........................................... Pending  
  2025_08_27_191636_create_grading_scales_table ......................................... Pending  
  2025_08_27_191647_create_lesson_plans_table ........................................... Pending  
  2025_08_27_191700_create_study_materials_table ........................................ Pending  


Step 1: Running main tables migration...

   INFO  Running migrations.  

  2025_08_27_160354_create_all_madrasa_tables ........................................... 1s DONE


Step 2: Running grading scales migration...

   INFO  Running migrations.  

  2025_08_27_191636_create_grading_scales_table .................................... 30.51ms DONE


Step 3: Running lesson plans migration...

   INFO  Running migrations.  

  2025_08_27_191647_create_lesson_plans_table ..................................... 339.16ms DONE


Step 4: Running study materials migration...

   INFO  Running migrations.  

  2025_08_27_191700_create_study_materials_table .................................. 248.56ms DONE


Step 5: Running additional fields migration...

   INFO  Running migrations.  

  2025_01_27_000001_add_missing_fields_to_tables .................................. 219.00ms DONE


==========================================
Final migration status:

  Migration name ................................................................. Batch / Status  
  2025_01_27_000001_add_missing_fields_to_tables ........................................ [5] Ran  
  2025_08_27_160354_create_all_madrasa_tables ........................................... [1] Ran  
  2025_08_27_191636_create_grading_scales_table ......................................... [2] Ran  
  2025_08_27_191647_create_lesson_plans_table ........................................... [3] Ran  
  2025_08_27_191700_create_study_materials_table ........................................ [4] Ran  


Checking created tables:
Total tables: 17
  - attendances
  - classes
  - departments
  - exams
  - fees
  - grading_scales
  - lesson_plans
  - migrations
  - notices
  - password_reset_tokens
  - results
  - sessions
  - students
  - study_materials
  - subjects
  - teachers
  - users

==========================================
Migrations Complete!
==========================================
